<?xml version="1.0" encoding="UTF-8"?>
<!-- Generated by org.testng.reporters.JUnitXMLReporter -->
<testsuite ignored="0" hostname="Vrush" failures="0" tests="9" name="Default test" time="0.037" errors="0" timestamp="2022-08-26T23:32:36 IST">
  <testcase classname="Annotations.Sample3" name="TC7" time="0.007"/>
  <testcase classname="Annotations.Sample3" name="TC8" time="0.001"/>
  <testcase classname="Annotations.Sample3" name="TC9" time="0.0"/>
  <testcase classname="Annotations.Sample2" name="TC4" time="0.0"/>
  <testcase classname="Annotations.Sample2" name="TC5" time="0.0"/>
  <testcase classname="Annotations.Sample2" name="TC6" time="0.001"/>
  <testcase classname="Annotations.Sample1" name="TC1" time="0.001"/>
  <testcase classname="Annotations.Sample1" name="TC2" time="0.001"/>
  <testcase classname="Annotations.Sample1" name="TC3" time="0.001"/>
</testsuite> <!-- Default test -->
