<?xml version="1.0" encoding="UTF-8"?>
<testng-results ignored="0" total="9" passed="9" failed="0" skipped="0">
  <reporter-output>
    <line>
      <![CDATA[running tc7]]>
    </line>
    <line>
      <![CDATA[running tc8]]>
    </line>
    <line>
      <![CDATA[running tc9]]>
    </line>
    <line>
      <![CDATA[running tc4]]>
    </line>
    <line>
      <![CDATA[running tc5]]>
    </line>
    <line>
      <![CDATA[running tc6]]>
    </line>
    <line>
      <![CDATA[running tc1]]>
    </line>
    <line>
      <![CDATA[running tc2]]>
    </line>
    <line>
      <![CDATA[running tc3]]>
    </line>
  </reporter-output>
  <suite started-at="2022-08-26T23:32:36 IST" name="Default suite" finished-at="2022-08-26T23:32:36 IST" duration-ms="37">
    <groups>
    </groups>
    <test started-at="2022-08-26T23:32:36 IST" name="Default test" finished-at="2022-08-26T23:32:36 IST" duration-ms="37">
      <class name="Annotations.Sample3">
        <test-method signature="TC7()[pri:0, instance:Annotations.Sample3@20ccf40b]" started-at="2022-08-26T23:32:36 IST" name="TC7" finished-at="2022-08-26T23:32:36 IST" duration-ms="7" status="PASS">
          <reporter-output>
            <line>
              <![CDATA[running tc7]]>
            </line>
          </reporter-output>
        </test-method> <!-- TC7 -->
        <test-method signature="TC8()[pri:0, instance:Annotations.Sample3@20ccf40b]" started-at="2022-08-26T23:32:36 IST" name="TC8" finished-at="2022-08-26T23:32:36 IST" duration-ms="1" status="PASS">
          <reporter-output>
            <line>
              <![CDATA[running tc8]]>
            </line>
          </reporter-output>
        </test-method> <!-- TC8 -->
        <test-method signature="TC9()[pri:0, instance:Annotations.Sample3@20ccf40b]" started-at="2022-08-26T23:32:36 IST" name="TC9" finished-at="2022-08-26T23:32:36 IST" duration-ms="0" status="PASS">
          <reporter-output>
            <line>
              <![CDATA[running tc9]]>
            </line>
          </reporter-output>
        </test-method> <!-- TC9 -->
      </class> <!-- Annotations.Sample3 -->
      <class name="Annotations.Sample2">
        <test-method signature="TC4()[pri:0, instance:Annotations.Sample2@5ba3f27a]" started-at="2022-08-26T23:32:36 IST" name="TC4" finished-at="2022-08-26T23:32:36 IST" duration-ms="0" status="PASS">
          <reporter-output>
            <line>
              <![CDATA[running tc4]]>
            </line>
          </reporter-output>
        </test-method> <!-- TC4 -->
        <test-method signature="TC5()[pri:0, instance:Annotations.Sample2@5ba3f27a]" started-at="2022-08-26T23:32:36 IST" name="TC5" finished-at="2022-08-26T23:32:36 IST" duration-ms="0" status="PASS">
          <reporter-output>
            <line>
              <![CDATA[running tc5]]>
            </line>
          </reporter-output>
        </test-method> <!-- TC5 -->
        <test-method signature="TC6()[pri:0, instance:Annotations.Sample2@5ba3f27a]" started-at="2022-08-26T23:32:36 IST" name="TC6" finished-at="2022-08-26T23:32:36 IST" duration-ms="1" status="PASS">
          <reporter-output>
            <line>
              <![CDATA[running tc6]]>
            </line>
          </reporter-output>
        </test-method> <!-- TC6 -->
      </class> <!-- Annotations.Sample2 -->
      <class name="Annotations.Sample1">
        <test-method signature="TC1()[pri:0, instance:Annotations.Sample1@741a8937]" started-at="2022-08-26T23:32:36 IST" name="TC1" finished-at="2022-08-26T23:32:36 IST" duration-ms="1" status="PASS">
          <reporter-output>
            <line>
              <![CDATA[running tc1]]>
            </line>
          </reporter-output>
        </test-method> <!-- TC1 -->
        <test-method signature="TC2()[pri:0, instance:Annotations.Sample1@741a8937]" started-at="2022-08-26T23:32:36 IST" name="TC2" finished-at="2022-08-26T23:32:36 IST" duration-ms="1" status="PASS">
          <reporter-output>
            <line>
              <![CDATA[running tc2]]>
            </line>
          </reporter-output>
        </test-method> <!-- TC2 -->
        <test-method signature="TC3()[pri:0, instance:Annotations.Sample1@741a8937]" started-at="2022-08-26T23:32:36 IST" name="TC3" finished-at="2022-08-26T23:32:36 IST" duration-ms="1" status="PASS">
          <reporter-output>
            <line>
              <![CDATA[running tc3]]>
            </line>
          </reporter-output>
        </test-method> <!-- TC3 -->
      </class> <!-- Annotations.Sample1 -->
    </test> <!-- Default test -->
  </suite> <!-- Default suite -->
</testng-results>
